2023-06-15 16:17:56:1756 [ [32minfo[39m ]: [32mtest log![39m
2023-06-15 16:18:14:1814 [ [32minfo[39m ]: [32m<ref *2> IncomingMessage {[39m
[32m  _readableState: ReadableState {[39m
[32m    objectMode: false,[39m
[32m    highWaterMark: 16384,[39m
[32m    buffer: BufferList { head: null, tail: null, length: 0 },[39m
[32m    length: 0,[39m
[32m    pipes: [],[39m
[32m    flowing: null,[39m
[32m    ended: true,[39m
[32m    endEmitted: false,[39m
[32m    reading: false,[39m
[32m    constructed: true,[39m
[32m    sync: true,[39m
[32m    needReadable: false,[39m
[32m    emittedReadable: false,[39m
[32m    readableListening: false,[39m
[32m    resumeScheduled: false,[39m
[32m    errorEmitted: false,[39m
[32m    emitClose: true,[39m
[32m    autoDestroy: true,[39m
[32m    destroyed: false,[39m
[32m    errored: null,[39m
[32m    closed: false,[39m
[32m    closeEmitted: false,[39m
[32m    defaultEncoding: 'utf8',[39m
[32m    awaitDrainWriters: null,[39m
[32m    multiAwaitDrain: false,[39m
[32m    readingMore: true,[39m
[32m    dataEmitted: false,[39m
[32m    decoder: null,[39m
[32m    encoding: null,[39m
[32m    [Symbol(kPaused)]: null[39m
[32m  },[39m
[32m  _events: [Object: null prototype] {[39m
[32m    end: [ [Function: clearRequestTimeout], [Function (anonymous)] ],[39m
[32m    error: [Function (anonymous)][39m
[32m  },[39m
[32m  _eventsCount: 2,[39m
[32m  _maxListeners: undefined,[39m
[32m  socket: <ref *1> Socket {[39m
[32m    connecting: false,[39m
[32m    _hadError: false,[39m
[32m    _parent: null,[39m
[32m    _host: null,[39m
[32m    _readableState: ReadableState {[39m
[32m      objectMode: false,[39m
[32m      highWaterMark: 16384,[39m
[32m      buffer: BufferList { head: null, tail: null, length: 0 },[39m
[32m      length: 0,[39m
[32m      pipes: [],[39m
[32m      flowing: true,[39m
[32m      ended: false,[39m
[32m      endEmitted: false,[39m
[32m      reading: true,[39m
[32m      constructed: true,[39m
[32m      sync: false,[39m
[32m      needReadable: true,[39m
[32m      emittedReadable: false,[39m
[32m      readableListening: false,[39m
[32m      resumeScheduled: false,[39m
[32m      errorEmitted: false,[39m
[32m      emitClose: false,[39m
[32m      autoDestroy: true,[39m
[32m      destroyed: false,[39m
[32m      errored: null,[39m
[32m      closed: false,[39m
[32m      closeEmitted: false,[39m
[32m      defaultEncoding: 'utf8',[39m
[32m      awaitDrainWriters: null,[39m
[32m      multiAwaitDrain: false,[39m
[32m      readingMore: false,[39m
[32m      dataEmitted: false,[39m
[32m      decoder: null,[39m
[32m      encoding: null,[39m
[32m      [Symbol(kPaused)]: false[39m
[32m    },[39m
[32m    _events: [Object: null prototype] {[39m
[32m      end: [Array],[39m
[32m      timeout: [Function: socketOnTimeout],[39m
[32m      data: [Function: bound socketOnData],[39m
[32m      error: [Function: socketOnError],[39m
[32m      close: [Array],[39m
[32m      drain: [Function: bound socketOnDrain],[39m
[32m      resume: [Function: onSocketResume],[39m
[32m      pause: [Function: onSocketPause][39m
[32m    },[39m
[32m    _eventsCount: 8,[39m
[32m    _maxListeners: undefined,[39m
[32m    _writableState: WritableState {[39m
[32m      objectMode: false,[39m
[32m      highWaterMark: 16384,[39m
[32m      finalCalled: false,[39m
[32m      needDrain: false,[39m
[32m      ending: false,[39m
[32m      ended: false,[39m
[32m      finished: false,[39m
[32m      destroyed: false,[39m
[32m      decodeStrings: false,[39m
[32m      defaultEncoding: 'utf8',[39m
[32m      length: 0,[39m
[32m      writing: false,[39m
[32m      corked: 0,[39m
[32m      sync: false,[39m
[32m      bufferProcessing: false,[39m
[32m      onwrite: [Function: bound onwrite],[39m
[32m      writecb: null,[39m
[32m      writelen: 0,[39m
[32m      afterWriteTickInfo: null,[39m
[32m      buffered: [],[39m
[32m      bufferedIndex: 0,[39m
[32m      allBuffers: true,[39m
[32m      allNoop: true,[39m
[32m      pendingcb: 0,[39m
[32m      constructed: true,[39m
[32m      prefinished: false,[39m
[32m      errorEmitted: false,[39m
[32m      emitClose: false,[39m
[32m      autoDestroy: true,[39m
[32m      errored: null,[39m
[32m      closed: false,[39m
[32m      closeEmitted: false,[39m
[32m      [Symbol(kOnFinished)]: [][39m
[32m    },[39m
[32m    allowHalfOpen: true,[39m
[32m    _sockname: null,[39m
[32m    _pendingData: null,[39m
[32m    _pendingEncoding: '',[39m
[32m    server: Server {[39m
[32m      maxHeaderSize: undefined,[39m
[32m      insecureHTTPParser: undefined,[39m
[32m      _events: [Object: null prototype],[39m
[32m      _eventsCount: 5,[39m
[32m      _maxListeners: undefined,[39m
[32m      _connections: 3,[39m
[32m      _handle: [TCP],[39m
[32m      _usingWorkers: false,[39m
[32m      _workers: [],[39m
[32m      _unref: false,[39m
[32m      allowHalfOpen: true,[39m
[32m      pauseOnConnect: false,[39m
[32m      httpAllowHalfOpen: false,[39m
[32m      timeout: 0,[39m
[32m      keepAliveTimeout: 5000,[39m
[32m      maxHeadersCount: null,[39m
[32m      maxRequestsPerSocket: 0,[39m
[32m      headersTimeout: 60000,[39m
[32m      requestTimeout: 0,[39m
[32m      _connectionKey: '6::::3000',[39m
[32m      [Symbol(IncomingMessage)]: [Function: IncomingMessage],[39m
[32m      [Symbol(ServerResponse)]: [Function: ServerResponse],[39m
[32m      [Symbol(kCapture)]: false,[39m
[32m      [Symbol(async_id_symbol)]: 16[39m
[32m    },[39m
[32m    _server: Server {[39m
[32m      maxHeaderSize: undefined,[39m
[32m      insecureHTTPParser: undefined,[39m
[32m      _events: [Object: null prototype],[39m
[32m      _eventsCount: 5,[39m
[32m      _maxListeners: undefined,[39m
[32m      _connections: 3,[39m
[32m      _handle: [TCP],[39m
[32m      _usingWorkers: false,[39m
[32m      _workers: [],[39m
[32m      _unref: false,[39m
[32m      allowHalfOpen: true,[39m
[32m      pauseOnConnect: false,[39m
[32m      httpAllowHalfOpen: false,[39m
[32m      timeout: 0,[39m
[32m      keepAliveTimeout: 5000,[39m
[32m      maxHeadersCount: null,[39m
[32m      maxRequestsPerSocket: 0,[39m
[32m      headersTimeout: 60000,[39m
[32m      requestTimeout: 0,[39m
[32m      _connectionKey: '6::::3000',[39m
[32m      [Symbol(IncomingMessage)]: [Function: IncomingMessage],[39m
[32m      [Symbol(ServerResponse)]: [Function: ServerResponse],[39m
[32m      [Symbol(kCapture)]: false,[39m
[32m      [Symbol(async_id_symbol)]: 16[39m
[32m    },[39m
[32m    parser: HTTPParser {[39m
[32m      '0': [Function: bound setRequestTimeout],[39m
[32m      '1': [Function: parserOnHeaders],[39m
[32m      '2': [Function: parserOnHeadersComplete],[39m
[32m      '3': [Function: parserOnBody],[39m
[32m      '4': [Function: parserOnMessageComplete],[39m
[32m      '5': [Function: bound onParserExecute],[39m
[32m      '6': [Function: bound onParserTimeout],[39m
[32m      _headers: [],[39m
[32m      _url: '',[39m
[32m      socket: [Circular *1],[39m
[32m      incoming: [Circular *2],[39m
[32m      outgoing: null,[39m
[32m      maxHeaderPairs: 2000,[39m
[32m      _consumed: true,[39m
[32m      onIncoming: [Function: bound parserOnIncoming],[39m
[32m      [Symbol(owner_symbol)]: [HTTPServerAsyncResource][39m
[32m    },[39m
[32m    on: [Function: socketListenerWrap],[39m
[32m    addListener: [Function: socketListenerWrap],[39m
[32m    prependListener: [Function: socketListenerWrap],[39m
[32m    setEncoding: [Function: socketSetEncoding],[39m
[32m    _paused: false,[39m
[32m    _httpMessage: ServerResponse {[39m
[32m      _events: [Object: null prototype],[39m
[32m      _eventsCount: 1,[39m
[32m      _maxListeners: undefined,[39m
[32m      outputData: [],[39m
[32m      outputSize: 0,[39m
[32m      writable: true,[39m
[32m      destroyed: false,[39m
[32m      _last: false,[39m
[32m      chunkedEncoding: false,[39m
[32m      shouldKeepAlive: true,[39m
[32m      maxRequestsOnConnectionReached: false,[39m
[32m      _defaultKeepAlive: true,[39m
[32m      useChunkedEncodingByDefault: true,[39m
[32m      sendDate: true,[39m
[32m      _removedConnection: false,[39m
[32m      _removedContLen: false,[39m
[32m      _removedTE: false,[39m
[32m      _contentLength: null,[39m
[32m      _hasBody: true,[39m
[32m      _trailer: '',[39m
[32m      finished: false,[39m
[32m      _headerSent: false,[39m
[32m      _closed: false,[39m
[32m      socket: [Circular *1],[39m
[32m      _header: null,[39m
[32m      _keepAliveTimeout: 5000,[39m
[32m      _onPendingData: [Function: bound updateOutgoingData],[39m
[32m      req: [Circular *2],[39m
[32m      _sent100: false,[39m
[32m      _expect_continue: false,[39m
[32m      setHeader: [Function (anonymous)],[39m
[32m      statusCode: 200,[39m
[32m      flush: [Function: flush],[39m
[32m      write: [Function: write],[39m
[32m      end: [Function: end],[39m
[32m      on: [Function: on],[39m
[32m      writeHead: [Function: writeHead],[39m
[32m      [Symbol(kCapture)]: false,[39m
[32m      [Symbol(kNeedDrain)]: false,[39m
[32m      [Symbol(corked)]: 0,[39m
[32m      [Symbol(kOutHeaders)]: [Object: null prototype][39m
[32m    },[39m
[32m    timeout: 0,[39m
[32m    [Symbol(async_id_symbol)]: 27290,[39m
[32m    [Symbol(kHandle)]: TCP {[39m
[32m      reading: true,[39m
[32m      onconnection: null,[39m
[32m      _consumed: true,[39m
[32m      [Symbol(owner_symbol)]: [Circular *1][39m
[32m    },[39m
[32m    [Symbol(kSetNoDelay)]: false,[39m
[32m    [Symbol(lastWriteQueueSize)]: 0,[39m
[32m    [Symbol(timeout)]: Timeout {[39m
[32m      _idleTimeout: -1,[39m
[32m      _idlePrev: null,[39m
[32m      _idleNext: null,[39m
[32m      _idleStart: 1424353,[39m
[32m      _onTimeout: null,[39m
[32m      _timerArgs: undefined,[39m
[32m      _repeat: null,[39m
[32m      _destroyed: true,[39m
[32m      [Symbol(refed)]: false,[39m
[32m      [Symbol(kHasPrimitive)]: false,[39m
[32m      [Symbol(asyncId)]: 27496,[39m
[32m      [Symbol(triggerId)]: 27492[39m
[32m    },[39m
[32m    [Symbol(kBuffer)]: null,[39m
[32m    [Symbol(kBufferCb)]: null,[39m
[32m    [Symbol(kBufferGen)]: null,[39m
[32m    [Symbol(kCapture)]: false,[39m
[32m    [Symbol(kBytesRead)]: 0,[39m
[32m    [Symbol(kBytesWritten)]: 0,[39m
[32m    [Symbol(RequestTimeout)]: undefined[39m
[32m  },[39m
[32m  httpVersionMajor: 1,[39m
[32m  httpVersionMinor: 1,[39m
[32m  httpVersion: '1.1',[39m
[32m  complete: true,[39m
[32m  rawHeaders: [[39m
[32m    'Host',[39m
[32m    'localhost:3000',[39m
[32m    'Connection',[39m
[32m    'keep-alive',[39m
[32m    'sec-ch-ua',[39m
[32m    '"Not.A/Brand";v="8", "Chromium";v="114", "Google Chrome";v="114"',[39m
[32m    'x-nextjs-data',[39m
[32m    '1',[39m
[32m    'sec-ch-ua-mobile',[39m
[32m    '?0',[39m
[32m    'User-Agent',[39m
[32m    'Mozilla/5.0 (Macintosh; Intel Mac OS X 10_15_7) AppleWebKit/537.36 (KHTML, like Gecko) Chrome/114.0.0.0 Safari/537.36',[39m
[32m    'sec-ch-ua-platform',[39m
[32m    '"macOS"',[39m
[32m    'Accept',[39m
[32m    '*/*',[39m
[32m    'Sec-Fetch-Site',[39m
[32m    'same-origin',[39m
[32m    'Sec-Fetch-Mode',[39m
[32m    'cors',[39m
[32m    'Sec-Fetch-Dest',[39m
[32m    'empty',[39m
[32m    'Referer',[39m
[32m    'http://localhost:3000/',[39m
[32m    'Accept-Encoding',[39m
[32m    'gzip, deflate, br',[39m
[32m    'Accept-Language',[39m
[32m    'ko-KR,ko;q=0.9,en-US;q=0.8,en;q=0.7',[39m
[32m    'Cookie',[39m
[32m    '_ga=GA1.1.224191026.1681168806; ch-veil-id=5b996a7b-06d1-4465-9e02-ab4b4a447dc9; ACEUACS=1679637781452013685; ACEFCID=UID-643499B363741DA02D0108E8; ab.storage.deviceId.af4870c5-0c68-4e71-9d22-7d35fa8e8b6b=%7B%22g%22%3A%224f7f8014-8fa0-b77c-1cc4-59b8d6f6d08b%22%2C%22c%22%3A1682577153570%2C%22l%22%3A1682577153570%7D; AUFAS4A40951768157=1680188400000000000|3|1683604972104113686|1|1679637781452013685; ASAS4A40951768157=1686372242518901255%7C1686372242518901255%7C1686372242518901255%7C1686372242518901255%7Cbookmark; AUAS4A40951768157=1686372242518901255%7C6%7C1680250333863313685%7C1%7C1679637781452013685%7C1; ARAS4A40951768157=httpslocalhost3000modalmainSearchbookmark; ACEUCI=1; _fbp=fb.0.1686459280156.609406640; accessToken=8s7%2BLelEusQEFk9ygHYeg71zsIZ8gRG3KdO0oVnwZbmDfSUey7Pluy7ST8iXdd4y; ab.storage.sessionId.af4870c5-0c68-4e71-9d22-7d35fa8e8b6b=%7B%22g%22%3A%22b8044646-0fdc-32dc-0f51-757160606ec1%22%2C%22e%22%3A1686491802744%2C%22c%22%3A1686488790634%2C%22l%22%3A1686490002744%7D; amp_06b0dd=wHCamE3NzzKxscAknUpmba.c2lua3lvMTIzNQ==..1h2l91djm.1h2la6dad.34.1j.4n; _ga_5V75228BPT=GS1.1.1686493880.28.0.1686493880.60.0.0; _ga_01SRCCYLHT=GS1.1.1686493880.28.0.1686493880.60.0.0'[39m
[32m  ],[39m
[32m  rawTrailers: [],[39m
[32m  aborted: false,[39m
[32m  upgrade: false,[39m
[32m  url: '/_next/data/development/index.json',[39m
[32m  method: 'GET',[39m
[32m  statusCode: null,[39m
[32m  statusMessage: null,[39m
[32m  client: <ref *1> Socket {[39m
[32m    connecting: false,[39m
[32m    _hadError: false,[39m
[32m    _parent: null,[39m
[32m    _host: null,[39m
[32m    _readableState: ReadableState {[39m
[32m      objectMode: false,[39m
[32m      highWaterMark: 16384,[39m
[32m      buffer: BufferList { head: null, tail: null, length: 0 },[39m
[32m      length: 0,[39m
[32m      pipes: [],[39m
[32m      flowing: true,[39m
[32m      ended: false,[39m
[32m      endEmitted: false,[39m
[32m      reading: true,[39m
[32m      constructed: true,[39m
[32m      sync: false,[39m
[32m      needReadable: true,[39m
[32m      emittedReadable: false,[39m
[32m      readableListening: false,[39m
[32m      resumeScheduled: false,[39m
[32m      errorEmitted: false,[39m
[32m      emitClose: false,[39m
[32m      autoDestroy: true,[39m
[32m      destroyed: false,[39m
[32m      errored: null,[39m
[32m      closed: false,[39m
[32m      closeEmitted: false,[39m
[32m      defaultEncoding: 'utf8',[39m
[32m      awaitDrainWriters: null,[39m
[32m      multiAwaitDrain: false,[39m
[32m      readingMore: false,[39m
[32m      dataEmitted: false,[39m
[32m      decoder: null,[39m
[32m      encoding: null,[39m
[32m      [Symbol(kPaused)]: false[39m
[32m    },[39m
[32m    _events: [Object: null prototype] {[39m
[32m      end: [Array],[39m
[32m      timeout: [Function: socketOnTimeout],[39m
[32m      data: [Function: bound socketOnData],[39m
[32m      error: [Function: socketOnError],[39m
[32m      close: [Array],[39m
[32m      drain: [Function: bound socketOnDrain],[39m
[32m      resume: [Function: onSocketResume],[39m
[32m      pause: [Function: onSocketPause][39m
[32m    },[39m
[32m    _eventsCount: 8,[39m
[32m    _maxListeners: undefined,[39m
[32m    _writableState: WritableState {[39m
[32m      objectMode: false,[39m
[32m      highWaterMark: 16384,[39m
[32m      finalCalled: false,[39m
[32m      needDrain: false,[39m
[32m      ending: false,[39m
[32m      ended: false,[39m
[32m      finished: false,[39m
[32m      destroyed: false,[39m
[32m      decodeStrings: false,[39m
[32m      defaultEncoding: 'utf8',[39m
[32m      length: 0,[39m
[32m      writing: false,[39m
[32m      corked: 0,[39m
[32m      sync: false,[39m
[32m      bufferProcessing: false,[39m
[32m      onwrite: [Function: bound onwrite],[39m
[32m      writecb: null,[39m
[32m      writelen: 0,[39m
[32m      afterWriteTickInfo: null,[39m
[32m      buffered: [],[39m
[32m      bufferedIndex: 0,[39m
[32m      allBuffers: true,[39m
[32m      allNoop: true,[39m
[32m      pendingcb: 0,[39m
[32m      constructed: true,[39m
[32m      prefinished: false,[39m
[32m      errorEmitted: false,[39m
[32m      emitClose: false,[39m
[32m      autoDestroy: true,[39m
[32m      errored: null,[39m
[32m      closed: false,[39m
[32m      closeEmitted: false,[39m
[32m      [Symbol(kOnFinished)]: [][39m
[32m    },[39m
[32m    allowHalfOpen: true,[39m
[32m    _sockname: null,[39m
[32m    _pendingData: null,[39m
[32m    _pendingEncoding: '',[39m
[32m    server: Server {[39m
[32m      maxHeaderSize: undefined,[39m
[32m      insecureHTTPParser: undefined,[39m
[32m      _events: [Object: null prototype],[39m
[32m      _eventsCount: 5,[39m
[32m      _maxListeners: undefined,[39m
[32m      _connections: 3,[39m
[32m      _handle: [TCP],[39m
[32m      _usingWorkers: false,[39m
[32m      _workers: [],[39m
[32m      _unref: false,[39m
[32m      allowHalfOpen: true,[39m
[32m      pauseOnConnect: false,[39m
[32m      httpAllowHalfOpen: false,[39m
[32m      timeout: 0,[39m
[32m      keepAliveTimeout: 5000,[39m
[32m      maxHeadersCount: null,[39m
[32m      maxRequestsPerSocket: 0,[39m
[32m      headersTimeout: 60000,[39m
[32m      requestTimeout: 0,[39m
[32m      _connectionKey: '6::::3000',[39m
[32m      [Symbol(IncomingMessage)]: [Function: IncomingMessage],[39m
[32m      [Symbol(ServerResponse)]: [Function: ServerResponse],[39m
[32m      [Symbol(kCapture)]: false,[39m
[32m      [Symbol(async_id_symbol)]: 16[39m
[32m    },[39m
[32m    _server: Server {[39m
[32m      maxHeaderSize: undefined,[39m
[32m      insecureHTTPParser: undefined,[39m
[32m      _events: [Object: null prototype],[39m
[32m      _eventsCount: 5,[39m
[32m      _maxListeners: undefined,[39m
[32m      _connections: 3,[39m
[32m      _handle: [TCP],[39m
[32m      _usingWorkers: false,[39m
[32m      _workers: [],[39m
[32m      _unref: false,[39m
[32m      allowHalfOpen: true,[39m
[32m      pauseOnConnect: false,[39m
[32m      httpAllowHalfOpen: false,[39m
[32m      timeout: 0,[39m
[32m      keepAliveTimeout: 5000,[39m
[32m      maxHeadersCount: null,[39m
[32m      maxRequestsPerSocket: 0,[39m
[32m      headersTimeout: 60000,[39m
[32m      requestTimeout: 0,[39m
[32m      _connectionKey: '6::::3000',[39m
[32m      [Symbol(IncomingMessage)]: [Function: IncomingMessage],[39m
[32m      [Symbol(ServerResponse)]: [Function: ServerResponse],[39m
[32m      [Symbol(kCapture)]: false,[39m
[32m      [Symbol(async_id_symbol)]: 16[39m
[32m    },[39m
[32m    parser: HTTPParser {[39m
[32m      '0': [Function: bound setRequestTimeout],[39m
[32m      '1': [Function: parserOnHeaders],[39m
[32m      '2': [Function: parserOnHeadersComplete],[39m
[32m      '3': [Function: parserOnBody],[39m
[32m      '4': [Function: parserOnMessageComplete],[39m
[32m      '5': [Function: bound onParserExecute],[39m
[32m      '6': [Function: bound onParserTimeout],[39m
[32m      _headers: [],[39m
[32m      _url: '',[39m
[32m      socket: [Circular *1],[39m
[32m      incoming: [Circular *2],[39m
[32m      outgoing: null,[39m
[32m      maxHeaderPairs: 2000,[39m
[32m      _consumed: true,[39m
[32m      onIncoming: [Function: bound parserOnIncoming],[39m
[32m      [Symbol(owner_symbol)]: [HTTPServerAsyncResource][39m
[32m    },[39m
[32m    on: [Function: socketListenerWrap],[39m
[32m    addListener: [Function: socketListenerWrap],[39m
[32m    prependListener: [Function: socketListenerWrap],[39m
[32m    setEncoding: [Function: socketSetEncoding],[39m
[32m    _paused: false,[39m
[32m    _httpMessage: ServerResponse {[39m
[32m      _events: [Object: null prototype],[39m
[32m      _eventsCount: 1,[39m
[32m      _maxListeners: undefined,[39m
[32m      outputData: [],[39m
[32m      outputSize: 0,[39m
[32m      writable: true,[39m
[32m      destroyed: false,[39m
[32m      _last: false,[39m
[32m      chunkedEncoding: false,[39m
[32m      shouldKeepAlive: true,[39m
[32m      maxRequestsOnConnectionReached: false,[39m
[32m      _defaultKeepAlive: true,[39m
[32m      useChunkedEncodingByDefault: true,[39m
[32m      sendDate: true,[39m
[32m      _removedConnection: false,[39m
[32m      _removedContLen: false,[39m
[32m      _removedTE: false,[39m
[32m      _contentLength: null,[39m
[32m      _hasBody: true,[39m
[32m      _trailer: '',[39m
[32m      finished: false,[39m
[32m      _headerSent: false,[39m
[32m      _closed: false,[39m
[32m      socket: [Circular *1],[39m
[32m      _header: null,[39m
[32m      _keepAliveTimeout: 5000,[39m
[32m      _onPendingData: [Function: bound updateOutgoingData],[39m
[32m      req: [Circular *2],[39m
[32m      _sent100: false,[39m
[32m      _expect_continue: false,[39m
[32m      setHeader: [Function (anonymous)],[39m
[32m      statusCode: 200,[39m
[32m      flush: [Function: flush],[39m
[32m      write: [Function: write],[39m
[32m      end: [Function: end],[39m
[32m      on: [Function: on],[39m
[32m      writeHead: [Function: writeHead],[39m
[32m      [Symbol(kCapture)]: false,[39m
[32m      [Symbol(kNeedDrain)]: false,[39m
[32m      [Symbol(corked)]: 0,[39m
[32m      [Symbol(kOutHeaders)]: [Object: null prototype][39m
[32m    },[39m
[32m    timeout: 0,[39m
[32m    [Symbol(async_id_symbol)]: 27290,[39m
[32m    [Symbol(kHandle)]: TCP {[39m
[32m      reading: true,[39m
[32m      onconnection: null,[39m
[32m      _consumed: true,[39m
[32m      [Symbol(owner_symbol)]: [Circular *1][39m
[32m    },[39m
[32m    [Symbol(kSetNoDelay)]: false,[39m
[32m    [Symbol(lastWriteQueueSize)]: 0,[39m
[32m    [Symbol(timeout)]: Timeout {[39m
[32m      _idleTimeout: -1,[39m
[32m      _idlePrev: null,[39m
[32m      _idleNext: null,[39m
[32m      _idleStart: 1424353,[39m
[32m      _onTimeout: null,[39m
[32m      _timerArgs: undefined,[39m
[32m      _repeat: null,[39m
[32m      _destroyed: true,[39m
[32m      [Symbol(refed)]: false,[39m
[32m      [Symbol(kHasPrimitive)]: false,[39m
[32m      [Symbol(asyncId)]: 27496,[39m
[32m      [Symbol(triggerId)]: 27492[39m
[32m    },[39m
[32m    [Symbol(kBuffer)]: null,[39m
[32m    [Symbol(kBufferCb)]: null,[39m
[32m    [Symbol(kBufferGen)]: null,[39m
[32m    [Symbol(kCapture)]: false,[39m
[32m    [Symbol(kBytesRead)]: 0,[39m
[32m    [Symbol(kBytesWritten)]: 0,[39m
[32m    [Symbol(RequestTimeout)]: undefined[39m
[32m  },[39m
[32m  _consuming: false,[39m
[32m  _dumped: false,[39m
[32m  cookies: {[39m
[32m    _ga: 'GA1.1.224191026.1681168806',[39m
[32m    'ch-veil-id': '5b996a7b-06d1-4465-9e02-ab4b4a447dc9',[39m
[32m    ACEUACS: '1679637781452013685',[39m
[32m    ACEFCID: 'UID-643499B363741DA02D0108E8',[39m
[32m    'ab.storage.deviceId.af4870c5-0c68-4e71-9d22-7d35fa8e8b6b': '{"g":"4f7f8014-8fa0-b77c-1cc4-59b8d6f6d08b","c":1682577153570,"l":1682577153570}',[39m
[32m    AUFAS4A40951768157: '1680188400000000000|3|1683604972104113686|1|1679637781452013685',[39m
[32m    ASAS4A40951768157: '1686372242518901255|1686372242518901255|1686372242518901255|1686372242518901255|bookmark',[39m
[32m    AUAS4A40951768157: '1686372242518901255|6|1680250333863313685|1|1679637781452013685|1',[39m
[32m    ARAS4A40951768157: 'httpslocalhost3000modalmainSearchbookmark',[39m
[32m    ACEUCI: '1',[39m
[32m    _fbp: 'fb.0.1686459280156.609406640',[39m
[32m    accessToken: '8s7+LelEusQEFk9ygHYeg71zsIZ8gRG3KdO0oVnwZbmDfSUey7Pluy7ST8iXdd4y',[39m
[32m    'ab.storage.sessionId.af4870c5-0c68-4e71-9d22-7d35fa8e8b6b': '{"g":"b8044646-0fdc-32dc-0f51-757160606ec1","e":1686491802744,"c":1686488790634,"l":1686490002744}',[39m
[32m    amp_06b0dd: 'wHCamE3NzzKxscAknUpmba.c2lua3lvMTIzNQ==..1h2l91djm.1h2la6dad.34.1j.4n',[39m
[32m    _ga_5V75228BPT: 'GS1.1.1686493880.28.0.1686493880.60.0.0',[39m
[32m    _ga_01SRCCYLHT: 'GS1.1.1686493880.28.0.1686493880.60.0.0'[39m
[32m  },[39m
[32m  [Symbol(kCapture)]: false,[39m
[32m  [Symbol(kHeaders)]: {[39m
[32m    host: 'localhost:3000',[39m
[32m    connection: 'keep-alive',[39m
[32m    'sec-ch-ua': '"Not.A/Brand";v="8", "Chromium";v="114", "Google Chrome";v="114"',[39m
[32m    'x-nextjs-data': '1',[39m
[32m    'sec-ch-ua-mobile': '?0',[39m
[32m    'user-agent': 'Mozilla/5.0 (Macintosh; Intel Mac OS X 10_15_7) AppleWebKit/537.36 (KHTML, like Gecko) Chrome/114.0.0.0 Safari/537.36',[39m
[32m    'sec-ch-ua-platform': '"macOS"',[39m
[32m    accept: '*/*',[39m
[32m    'sec-fetch-site': 'same-origin',[39m
[32m    'sec-fetch-mode': 'cors',[39m
[32m    'sec-fetch-dest': 'empty',[39m
[32m    referer: 'http://localhost:3000/',[39m
[32m    'accept-encoding': 'gzip, deflate, br',[39m
[32m    'accept-language': 'ko-KR,ko;q=0.9,en-US;q=0.8,en;q=0.7',[39m
[32m    cookie: '_ga=GA1.1.224191026.1681168806; ch-veil-id=5b996a7b-06d1-4465-9e02-ab4b4a447dc9; ACEUACS=1679637781452013685; ACEFCID=UID-643499B363741DA02D0108E8; ab.storage.deviceId.af4870c5-0c68-4e71-9d22-7d35fa8e8b6b=%7B%22g%22%3A%224f7f8014-8fa0-b77c-1cc4-59b8d6f6d08b%22%2C%22c%22%3A1682577153570%2C%22l%22%3A1682577153570%7D; AUFAS4A40951768157=1680188400000000000|3|1683604972104113686|1|1679637781452013685; ASAS4A40951768157=1686372242518901255%7C1686372242518901255%7C1686372242518901255%7C1686372242518901255%7Cbookmark; AUAS4A40951768157=1686372242518901255%7C6%7C1680250333863313685%7C1%7C1679637781452013685%7C1; ARAS4A40951768157=httpslocalhost3000modalmainSearchbookmark; ACEUCI=1; _fbp=fb.0.1686459280156.609406640; accessToken=8s7%2BLelEusQEFk9ygHYeg71zsIZ8gRG3KdO0oVnwZbmDfSUey7Pluy7ST8iXdd4y; ab.storage.sessionId.af4870c5-0c68-4e71-9d22-7d35fa8e8b6b=%7B%22g%22%3A%22b8044646-0fdc-32dc-0f51-757160606ec1%22%2C%22e%22%3A1686491802744%2C%22c%22%3A1686488790634%2C%22l%22%3A1686490002744%7D; amp_06b0dd=wHCamE3NzzKxscAknUpmba.c2lua3lvMTIzNQ==..1h2l91djm.1h2la6dad.34.1j.4n; _ga_5V75228BPT=GS1.1.1686493880.28.0.1686493880.60.0.0; _ga_01SRCCYLHT=GS1.1.1686493880.28.0.1686493880.60.0.0'[39m
[32m  },[39m
[32m  [Symbol(kHeadersCount)]: 30,[39m
[32m  [Symbol(kTrailers)]: null,[39m
[32m  [Symbol(kTrailersCount)]: 0,[39m
[32m  [Symbol(RequestTimeout)]: undefined,[39m
[32m  [Symbol(NextRequestMeta)]: {[39m
[32m    __NEXT_INIT_URL: 'http://localhost:3000/_next/data/development/index.json',[39m
[32m    __NEXT_INIT_QUERY: {},[39m
[32m    _protocol: 'http',[39m
[32m    __NEXT_CLONABLE_BODY: {[39m
[32m      finalize: [AsyncFunction: finalize],[39m
[32m      cloneBodyStream: [Function: cloneBodyStream][39m
[32m    },[39m
[32m    __nextHadTrailingSlash: false,[39m
[32m    __nextIsLocaleDomain: false,[39m
[32m    _nextIncrementalCache: IncrementalCache {[39m
[32m      dev: true,[39m
[32m      minimalMode: false,[39m
[32m      requestHeaders: [Object],[39m
[32m      prerenderManifest: [Object],[39m
[32m      fetchCacheKeyPrefix: '',[39m
[32m      cacheHandler: [FileSystemCache][39m
[32m    },[39m
[32m    _nextMatch: { definition: [Object], params: undefined }[39m
[32m  }[39m
[32m}[39m
